{
  "stats": {
    "suites": 2,
    "tests": 5,
    "passes": 5,
    "pending": 0,
    "failures": 0,
    "start": "2022-06-23T19:22:27.719Z",
    "end": "2022-06-23T19:24:20.312Z",
    "duration": 112593,
    "testsRegistered": 5,
    "passPercent": 100,
    "pendingPercent": 0,
    "other": 0,
    "hasOther": false,
    "skipped": 0,
    "hasSkipped": false
  },
  "results": [
    {
      "uuid": "c180f3a3-9868-412a-8cf7-a4edb32c890c",
      "title": "",
      "fullFile": "cypress/integration/My tests/6_test_Wyszukanie frazy z filtrem.spec.js",
      "file": "cypress/integration/My tests/6_test_Wyszukanie frazy z filtrem.spec.js",
      "beforeHooks": [],
      "afterHooks": [],
      "tests": [],
      "suites": [
        {
          "uuid": "1cb52f3c-8398-4835-b94e-50d60c9acaad",
          "title": "Przejście do olx i wyszukanie frazy dla Białegostoku ",
          "fullFile": "",
          "file": "",
          "beforeHooks": [],
          "afterHooks": [],
          "tests": [],
          "suites": [
            {
              "uuid": "0589b93c-9986-470e-9d77-ffcbcc544ae6",
              "title": "Test 7",
              "fullFile": "",
              "file": "",
              "beforeHooks": [],
              "afterHooks": [],
              "tests": [
                {
                  "title": "Przejście na strone + timeout",
                  "fullTitle": "Przejście do olx i wyszukanie frazy dla Białegostoku  Test 7 Przejście na strone + timeout",
                  "timedOut": null,
                  "duration": 12284,
                  "state": "passed",
                  "speed": "slow",
                  "pass": true,
                  "fail": false,
                  "pending": false,
                  "context": null,
                  "code": "cy.visit('www.olx.pl');\ncy.url().should('contain', 'www.olx.pl');\ncy.get('a', {\n  timeout: 10000\n});",
                  "err": {},
                  "uuid": "f4247d23-636f-4501-bca8-d19f83716294",
                  "parentUUID": "0589b93c-9986-470e-9d77-ffcbcc544ae6",
                  "isHook": false,
                  "skipped": false
                },
                {
                  "title": "Akceptacja ciastek",
                  "fullTitle": "Przejście do olx i wyszukanie frazy dla Białegostoku  Test 7 Akceptacja ciastek",
                  "timedOut": null,
                  "duration": 8901,
                  "state": "passed",
                  "speed": "medium",
                  "pass": true,
                  "fail": false,
                  "pending": false,
                  "context": null,
                  "code": "olx.getCookiesButtonOlx().click().should('not.be.visible');",
                  "err": {},
                  "uuid": "2556922c-b996-4f2f-a77f-101acd64bec8",
                  "parentUUID": "0589b93c-9986-470e-9d77-ffcbcc544ae6",
                  "isHook": false,
                  "skipped": false
                },
                {
                  "title": "Szukanie frazy dla Białegostoku i asercja",
                  "fullTitle": "Przejście do olx i wyszukanie frazy dla Białegostoku  Test 7 Szukanie frazy dla Białegostoku i asercja",
                  "timedOut": null,
                  "duration": 20429,
                  "state": "passed",
                  "speed": "slow",
                  "pass": true,
                  "fail": false,
                  "pending": false,
                  "context": null,
                  "code": "Cypress.on('uncaught:exception', (err, runnable) => {\n  return false;\n});\ncy.get('[data-cy=\"homepage_input_textsearch\"]').type('rower');\ncy.get('[data-cy=\"homepage_input_locationsearch\"]').type('Białystok').wait(1000);\ncy.get('[data-cy=\"homepage_link_autosuggest\"] > :nth-child(1) > .tdnone').click();\ncy.get('[data-cy=\"homepage_button_search\"]').click();\ncy.url().should(\"contain\", 'bialystok');\ncy.get('[data-testid=\"listing-grid\"]').should(\"contain\", 'rower');",
                  "err": {},
                  "uuid": "d8a4b8fa-9a03-45bf-86f7-acef9e3e06c5",
                  "parentUUID": "0589b93c-9986-470e-9d77-ffcbcc544ae6",
                  "isHook": false,
                  "skipped": false
                },
                {
                  "title": "Akceptacja ciastek",
                  "fullTitle": "Przejście do olx i wyszukanie frazy dla Białegostoku  Test 7 Akceptacja ciastek",
                  "timedOut": null,
                  "duration": 15190,
                  "state": "passed",
                  "speed": "slow",
                  "pass": true,
                  "fail": false,
                  "pending": false,
                  "context": null,
                  "code": "olx.getCookiesButtonOlx().click().should('not.be.visible');",
                  "err": {},
                  "uuid": "d5d1cd73-a444-41ad-804c-53604d3e3bf4",
                  "parentUUID": "0589b93c-9986-470e-9d77-ffcbcc544ae6",
                  "isHook": false,
                  "skipped": false
                },
                {
                  "title": "Filtr - kwota do 500 i sortuj",
                  "fullTitle": "Przejście do olx i wyszukanie frazy dla Białegostoku  Test 7 Filtr - kwota do 500 i sortuj",
                  "timedOut": null,
                  "duration": 25865,
                  "state": "passed",
                  "speed": "slow",
                  "pass": true,
                  "fail": false,
                  "pending": false,
                  "context": null,
                  "code": "cy.get('#root > div > div > form > div:nth-child(3) > div > div > div > div > div:nth-child(2) > div > div:nth-child(1) > div > input').type('500'); //cy.url().should(\"contain\", '%5Bfilter_float_price:to%5D=550');\ncy.get('#root > div > div > form > div:nth-child(3) > div > div > div > div > div > div.css-1xqxmn3').click();\ncy.get('#root > div > div > form > div:nth-child(3) > div > div > div > div > div > div > div > div:nth-child(2)').click();\ncy.url().should(\"contain\", '%5D=filter_float_price:desc&search%5Bfilter_float_price:to%5D=500');",
                  "err": {},
                  "uuid": "91693051-ab75-493b-b00c-d33a1b516118",
                  "parentUUID": "0589b93c-9986-470e-9d77-ffcbcc544ae6",
                  "isHook": false,
                  "skipped": false
                }
              ],
              "suites": [],
              "passes": [
                "f4247d23-636f-4501-bca8-d19f83716294",
                "2556922c-b996-4f2f-a77f-101acd64bec8",
                "d8a4b8fa-9a03-45bf-86f7-acef9e3e06c5",
                "d5d1cd73-a444-41ad-804c-53604d3e3bf4",
                "91693051-ab75-493b-b00c-d33a1b516118"
              ],
              "failures": [],
              "pending": [],
              "skipped": [],
              "duration": 82669,
              "root": false,
              "rootEmpty": false,
              "_timeout": 2000
            }
          ],
          "passes": [],
          "failures": [],
          "pending": [],
          "skipped": [],
          "duration": 0,
          "root": false,
          "rootEmpty": false,
          "_timeout": 2000
        }
      ],
      "passes": [],
      "failures": [],
      "pending": [],
      "skipped": [],
      "duration": 0,
      "root": true,
      "rootEmpty": true,
      "_timeout": 2000
    }
  ],
  "meta": {
    "mocha": {
      "version": "7.0.1"
    },
    "mochawesome": {
      "options": {
        "quiet": false,
        "reportFilename": "[status]_[datetime]-[name]-report",
        "saveHtml": true,
        "saveJson": true,
        "consoleReporter": "spec",
        "useInlineDiffs": false,
        "code": true
      },
      "version": "7.1.3"
    },
    "marge": {
      "options": {
        "reportFilename": "[status]_[datetime]-[name]-report",
        "timestamp": "isoDateTime",
        "overwrite": false,
        "html": true,
        "json": true
      },
      "version": "6.2.0"
    }
  }
}