{
  "stats": {
    "suites": 2,
    "tests": 5,
    "passes": 5,
    "pending": 0,
    "failures": 0,
    "start": "2022-06-23T19:12:55.443Z",
    "end": "2022-06-23T19:14:22.238Z",
    "duration": 86795,
    "testsRegistered": 5,
    "passPercent": 100,
    "pendingPercent": 0,
    "other": 0,
    "hasOther": false,
    "skipped": 0,
    "hasSkipped": false
  },
  "results": [
    {
      "uuid": "1200ee32-06f5-46b2-a4d8-4b1719e928ef",
      "title": "",
      "fullFile": "cypress/integration/My tests/10_test_Moduł promocji i powrót.spec.js",
      "file": "cypress/integration/My tests/10_test_Moduł promocji i powrót.spec.js",
      "beforeHooks": [],
      "afterHooks": [],
      "tests": [],
      "suites": [
        {
          "uuid": "c81cd2db-5662-4969-b37e-5759664fd8fa",
          "title": "Przejście do olx",
          "fullFile": "",
          "file": "",
          "beforeHooks": [],
          "afterHooks": [],
          "tests": [],
          "suites": [
            {
              "uuid": "84b9a1f1-e9e7-49bb-8bfe-2a5652f6a39d",
              "title": "Test 10",
              "fullFile": "",
              "file": "",
              "beforeHooks": [],
              "afterHooks": [],
              "tests": [
                {
                  "title": "Przejście na strone + timeout",
                  "fullTitle": "Przejście do olx Test 10 Przejście na strone + timeout",
                  "timedOut": null,
                  "duration": 17541,
                  "state": "passed",
                  "speed": "slow",
                  "pass": true,
                  "fail": false,
                  "pending": false,
                  "context": null,
                  "code": "cy.visit('www.olx.pl');\ncy.url().should('contain', 'www.olx.pl');\ncy.get('a', {\n  timeout: 20000\n});",
                  "err": {},
                  "uuid": "22213082-ae50-460b-ba0b-f250c280e2f7",
                  "parentUUID": "84b9a1f1-e9e7-49bb-8bfe-2a5652f6a39d",
                  "isHook": false,
                  "skipped": false
                },
                {
                  "title": "Akceptacja ciastek",
                  "fullTitle": "Przejście do olx Test 10 Akceptacja ciastek",
                  "timedOut": null,
                  "duration": 8147,
                  "state": "passed",
                  "speed": "medium",
                  "pass": true,
                  "fail": false,
                  "pending": false,
                  "context": null,
                  "code": "olx.getCookiesButtonOlx().click().should('not.be.visible');",
                  "err": {},
                  "uuid": "0f45b06f-5718-42d6-843c-5e229bdddf6e",
                  "parentUUID": "84b9a1f1-e9e7-49bb-8bfe-2a5652f6a39d",
                  "isHook": false,
                  "skipped": false
                },
                {
                  "title": "Przejście do wyróżnione ogłoszenia",
                  "fullTitle": "Przejście do olx Test 10 Przejście do wyróżnione ogłoszenia",
                  "timedOut": null,
                  "duration": 11142,
                  "state": "passed",
                  "speed": "slow",
                  "pass": true,
                  "fail": false,
                  "pending": false,
                  "context": null,
                  "code": "cy.get('#lastwrapper > div > div > div > div > div:nth-child(1) > ul > li:nth-child(3) > a > span').click();\ncy.url().should(\"contain\", 'pakiety-promowan');",
                  "err": {},
                  "uuid": "006afb82-1920-4853-a197-4e2d4e83f877",
                  "parentUUID": "84b9a1f1-e9e7-49bb-8bfe-2a5652f6a39d",
                  "isHook": false,
                  "skipped": false
                },
                {
                  "title": "Akceptacja ciastek",
                  "fullTitle": "Przejście do olx Test 10 Akceptacja ciastek",
                  "timedOut": null,
                  "duration": 25909,
                  "state": "passed",
                  "speed": "slow",
                  "pass": true,
                  "fail": false,
                  "pending": false,
                  "context": null,
                  "code": "olx.getCookiesButtonOlx().click().should('not.be.visible');",
                  "err": {},
                  "uuid": "5250c2f9-9d73-4d5f-9ddb-dff7dbcbde4e",
                  "parentUUID": "84b9a1f1-e9e7-49bb-8bfe-2a5652f6a39d",
                  "isHook": false,
                  "skipped": false
                },
                {
                  "title": "Powrót na strone główną",
                  "fullTitle": "Przejście do olx Test 10 Powrót na strone główną",
                  "timedOut": null,
                  "duration": 13281,
                  "state": "passed",
                  "speed": "slow",
                  "pass": true,
                  "fail": false,
                  "pending": false,
                  "context": null,
                  "code": "cy.get('#headerLogo').click();\ncy.url().should(\"contain\", 'https://www.olx.pl/');",
                  "err": {},
                  "uuid": "a715fbb7-83f1-4af7-b7a4-922cd8dfe10f",
                  "parentUUID": "84b9a1f1-e9e7-49bb-8bfe-2a5652f6a39d",
                  "isHook": false,
                  "skipped": false
                }
              ],
              "suites": [],
              "passes": [
                "22213082-ae50-460b-ba0b-f250c280e2f7",
                "0f45b06f-5718-42d6-843c-5e229bdddf6e",
                "006afb82-1920-4853-a197-4e2d4e83f877",
                "5250c2f9-9d73-4d5f-9ddb-dff7dbcbde4e",
                "a715fbb7-83f1-4af7-b7a4-922cd8dfe10f"
              ],
              "failures": [],
              "pending": [],
              "skipped": [],
              "duration": 76020,
              "root": false,
              "rootEmpty": false,
              "_timeout": 2000
            }
          ],
          "passes": [],
          "failures": [],
          "pending": [],
          "skipped": [],
          "duration": 0,
          "root": false,
          "rootEmpty": false,
          "_timeout": 2000
        }
      ],
      "passes": [],
      "failures": [],
      "pending": [],
      "skipped": [],
      "duration": 0,
      "root": true,
      "rootEmpty": true,
      "_timeout": 2000
    }
  ],
  "meta": {
    "mocha": {
      "version": "7.0.1"
    },
    "mochawesome": {
      "options": {
        "quiet": false,
        "reportFilename": "[status]_[datetime]-[name]-report",
        "saveHtml": true,
        "saveJson": true,
        "consoleReporter": "spec",
        "useInlineDiffs": false,
        "code": true
      },
      "version": "7.1.3"
    },
    "marge": {
      "options": {
        "reportFilename": "[status]_[datetime]-[name]-report",
        "timestamp": "isoDateTime",
        "overwrite": false,
        "html": true,
        "json": true
      },
      "version": "6.2.0"
    }
  }
}