{
  "stats": {
    "suites": 2,
    "tests": 3,
    "passes": 3,
    "pending": 0,
    "failures": 0,
    "start": "2022-06-23T19:20:58.640Z",
    "end": "2022-06-23T19:21:54.884Z",
    "duration": 56244,
    "testsRegistered": 3,
    "passPercent": 100,
    "pendingPercent": 0,
    "other": 0,
    "hasOther": false,
    "skipped": 0,
    "hasSkipped": false
  },
  "results": [
    {
      "uuid": "6079a656-5685-4bb4-a2a6-a7158a452033",
      "title": "",
      "fullFile": "cypress/integration/My tests/5_test_Wyszukanie frazy, SELECTOR.spec.js",
      "file": "cypress/integration/My tests/5_test_Wyszukanie frazy, SELECTOR.spec.js",
      "beforeHooks": [],
      "afterHooks": [],
      "tests": [],
      "suites": [
        {
          "uuid": "cb24d2d2-de04-4e15-a0b1-f465961f0587",
          "title": "Przejście do olx i wyszukanie frazy dla Białegostoku ",
          "fullFile": "",
          "file": "",
          "beforeHooks": [],
          "afterHooks": [],
          "tests": [],
          "suites": [
            {
              "uuid": "daf128fb-b7c9-4f0b-ad69-8d60537d048a",
              "title": "Test 6",
              "fullFile": "",
              "file": "",
              "beforeHooks": [],
              "afterHooks": [],
              "tests": [
                {
                  "title": "Przejście na strone + timeout",
                  "fullTitle": "Przejście do olx i wyszukanie frazy dla Białegostoku  Test 6 Przejście na strone + timeout",
                  "timedOut": null,
                  "duration": 9329,
                  "state": "passed",
                  "speed": "medium",
                  "pass": true,
                  "fail": false,
                  "pending": false,
                  "context": null,
                  "code": "cy.visit('www.olx.pl');\ncy.url().should('contain', 'www.olx.pl');\ncy.get('a', {\n  timeout: 10000\n});",
                  "err": {},
                  "uuid": "bb5e8ebf-2732-4d07-b110-7af16d3119d0",
                  "parentUUID": "daf128fb-b7c9-4f0b-ad69-8d60537d048a",
                  "isHook": false,
                  "skipped": false
                },
                {
                  "title": "Akceptacja ciastek",
                  "fullTitle": "Przejście do olx i wyszukanie frazy dla Białegostoku  Test 6 Akceptacja ciastek",
                  "timedOut": null,
                  "duration": 6496,
                  "state": "passed",
                  "speed": "medium",
                  "pass": true,
                  "fail": false,
                  "pending": false,
                  "context": null,
                  "code": "olx.getCookiesButtonOlx().click().should('not.be.visible');",
                  "err": {},
                  "uuid": "5c7949c2-5557-4334-aec8-a13025bae3c7",
                  "parentUUID": "daf128fb-b7c9-4f0b-ad69-8d60537d048a",
                  "isHook": false,
                  "skipped": false
                },
                {
                  "title": "Szukanie frazy dla Białegostoku i asercja",
                  "fullTitle": "Przejście do olx i wyszukanie frazy dla Białegostoku  Test 6 Szukanie frazy dla Białegostoku i asercja",
                  "timedOut": null,
                  "duration": 21057,
                  "state": "passed",
                  "speed": "slow",
                  "pass": true,
                  "fail": false,
                  "pending": false,
                  "context": null,
                  "code": "Cypress.on('uncaught:exception', (err, runnable) => {\n  return false;\n});\ncy.get('[data-cy=\"homepage_input_textsearch\"]').type('rower');\ncy.get('[data-cy=\"homepage_input_locationsearch\"]').type('Białystok').wait(1000);\ncy.get('[data-cy=\"homepage_link_autosuggest\"] > :nth-child(1) > .tdnone').click();\ncy.get('[data-cy=\"homepage_button_search\"]').click();\ncy.url().should(\"contain\", 'bialystok');\ncy.get('[data-testid=\"listing-grid\"]').should(\"contain\", 'rower');",
                  "err": {},
                  "uuid": "c4c5462f-05ce-4521-81e1-6a34e072b9fe",
                  "parentUUID": "daf128fb-b7c9-4f0b-ad69-8d60537d048a",
                  "isHook": false,
                  "skipped": false
                }
              ],
              "suites": [],
              "passes": [
                "bb5e8ebf-2732-4d07-b110-7af16d3119d0",
                "5c7949c2-5557-4334-aec8-a13025bae3c7",
                "c4c5462f-05ce-4521-81e1-6a34e072b9fe"
              ],
              "failures": [],
              "pending": [],
              "skipped": [],
              "duration": 36882,
              "root": false,
              "rootEmpty": false,
              "_timeout": 2000
            }
          ],
          "passes": [],
          "failures": [],
          "pending": [],
          "skipped": [],
          "duration": 0,
          "root": false,
          "rootEmpty": false,
          "_timeout": 2000
        }
      ],
      "passes": [],
      "failures": [],
      "pending": [],
      "skipped": [],
      "duration": 0,
      "root": true,
      "rootEmpty": true,
      "_timeout": 2000
    }
  ],
  "meta": {
    "mocha": {
      "version": "7.0.1"
    },
    "mochawesome": {
      "options": {
        "quiet": false,
        "reportFilename": "[status]_[datetime]-[name]-report",
        "saveHtml": true,
        "saveJson": true,
        "consoleReporter": "spec",
        "useInlineDiffs": false,
        "code": true
      },
      "version": "7.1.3"
    },
    "marge": {
      "options": {
        "reportFilename": "[status]_[datetime]-[name]-report",
        "timestamp": "isoDateTime",
        "overwrite": false,
        "html": true,
        "json": true
      },
      "version": "6.2.0"
    }
  }
}