{
  "stats": {
    "suites": 2,
    "tests": 2,
    "passes": 2,
    "pending": 0,
    "failures": 0,
    "start": "2022-06-23T19:15:04.279Z",
    "end": "2022-06-23T19:16:04.497Z",
    "duration": 60218,
    "testsRegistered": 2,
    "passPercent": 100,
    "pendingPercent": 0,
    "other": 0,
    "hasOther": false,
    "skipped": 0,
    "hasSkipped": false
  },
  "results": [
    {
      "uuid": "b6e2a2e4-3b7e-4d10-a13a-8866716222a3",
      "title": "",
      "fullFile": "cypress/integration/My tests/2_test_Przejście do olx.spec.js",
      "file": "cypress/integration/My tests/2_test_Przejście do olx.spec.js",
      "beforeHooks": [],
      "afterHooks": [],
      "tests": [],
      "suites": [
        {
          "uuid": "bf6f5b80-2baf-4128-a432-ad7f5f00b17c",
          "title": "Przejście do olx",
          "fullFile": "",
          "file": "",
          "beforeHooks": [],
          "afterHooks": [],
          "tests": [],
          "suites": [
            {
              "uuid": "0da4c3d1-8b9f-462f-9d98-7610e98c7330",
              "title": "Test 2",
              "fullFile": "",
              "file": "",
              "beforeHooks": [],
              "afterHooks": [],
              "tests": [
                {
                  "title": "Przejście na strone + timeout",
                  "fullTitle": "Przejście do olx Test 2 Przejście na strone + timeout",
                  "timedOut": null,
                  "duration": 20233,
                  "state": "passed",
                  "speed": "slow",
                  "pass": true,
                  "fail": false,
                  "pending": false,
                  "context": null,
                  "code": "cy.visit('www.olx.pl');\ncy.url().should('contain', 'www.olx.pl');\ncy.get('a', {\n  timeout: 20000\n});",
                  "err": {},
                  "uuid": "cd8e602d-e7c2-47cb-a159-64fed372b114",
                  "parentUUID": "0da4c3d1-8b9f-462f-9d98-7610e98c7330",
                  "isHook": false,
                  "skipped": false
                },
                {
                  "title": "Akceptacja ciastek",
                  "fullTitle": "Przejście do olx Test 2 Akceptacja ciastek",
                  "timedOut": null,
                  "duration": 6293,
                  "state": "passed",
                  "speed": "medium",
                  "pass": true,
                  "fail": false,
                  "pending": false,
                  "context": null,
                  "code": "olx.getCookiesButtonOlx().click().should('not.be.visible');",
                  "err": {},
                  "uuid": "f16e9577-fae7-4497-8530-8fc014d15976",
                  "parentUUID": "0da4c3d1-8b9f-462f-9d98-7610e98c7330",
                  "isHook": false,
                  "skipped": false
                }
              ],
              "suites": [],
              "passes": [
                "cd8e602d-e7c2-47cb-a159-64fed372b114",
                "f16e9577-fae7-4497-8530-8fc014d15976"
              ],
              "failures": [],
              "pending": [],
              "skipped": [],
              "duration": 26526,
              "root": false,
              "rootEmpty": false,
              "_timeout": 2000
            }
          ],
          "passes": [],
          "failures": [],
          "pending": [],
          "skipped": [],
          "duration": 0,
          "root": false,
          "rootEmpty": false,
          "_timeout": 2000
        }
      ],
      "passes": [],
      "failures": [],
      "pending": [],
      "skipped": [],
      "duration": 0,
      "root": true,
      "rootEmpty": true,
      "_timeout": 2000
    }
  ],
  "meta": {
    "mocha": {
      "version": "7.0.1"
    },
    "mochawesome": {
      "options": {
        "quiet": false,
        "reportFilename": "[status]_[datetime]-[name]-report",
        "saveHtml": true,
        "saveJson": true,
        "consoleReporter": "spec",
        "useInlineDiffs": false,
        "code": true
      },
      "version": "7.1.3"
    },
    "marge": {
      "options": {
        "reportFilename": "[status]_[datetime]-[name]-report",
        "timestamp": "isoDateTime",
        "overwrite": false,
        "html": true,
        "json": true
      },
      "version": "6.2.0"
    }
  }
}