{
  "stats": {
    "suites": 2,
    "tests": 3,
    "passes": 3,
    "pending": 0,
    "failures": 0,
    "start": "2022-06-23T19:19:49.720Z",
    "end": "2022-06-23T19:20:32.387Z",
    "duration": 42667,
    "testsRegistered": 3,
    "passPercent": 100,
    "pendingPercent": 0,
    "other": 0,
    "hasOther": false,
    "skipped": 0,
    "hasSkipped": false
  },
  "results": [
    {
      "uuid": "84f7b7b5-2ee3-477a-b879-5bc3217172d3",
      "title": "",
      "fullFile": "cypress/integration/My tests/5_test_Wyszukanie frazy, SELECTOR.spec.js",
      "file": "cypress/integration/My tests/5_test_Wyszukanie frazy, SELECTOR.spec.js",
      "beforeHooks": [],
      "afterHooks": [],
      "tests": [],
      "suites": [
        {
          "uuid": "dee4b7f6-0459-48f8-aca1-6c0e691ae342",
          "title": "Przejście do olx i wyszukanie frazy + SELECT",
          "fullFile": "",
          "file": "",
          "beforeHooks": [],
          "afterHooks": [],
          "tests": [],
          "suites": [
            {
              "uuid": "88af788c-996c-4249-afbb-78eeefeffee6",
              "title": "Test 5",
              "fullFile": "",
              "file": "",
              "beforeHooks": [],
              "afterHooks": [],
              "tests": [
                {
                  "title": "Przejście na strone + timeout",
                  "fullTitle": "Przejście do olx i wyszukanie frazy + SELECT Test 5 Przejście na strone + timeout",
                  "timedOut": null,
                  "duration": 16956,
                  "state": "passed",
                  "speed": "slow",
                  "pass": true,
                  "fail": false,
                  "pending": false,
                  "context": null,
                  "code": "cy.visit('www.olx.pl');\ncy.url().should('contain', 'www.olx.pl');\ncy.get('a', {\n  timeout: 10000\n});",
                  "err": {},
                  "uuid": "351155e8-a359-488f-8c13-7f0e1c6f4fe1",
                  "parentUUID": "88af788c-996c-4249-afbb-78eeefeffee6",
                  "isHook": false,
                  "skipped": false
                },
                {
                  "title": "Akceptacja ciastek",
                  "fullTitle": "Przejście do olx i wyszukanie frazy + SELECT Test 5 Akceptacja ciastek",
                  "timedOut": null,
                  "duration": 7153,
                  "state": "passed",
                  "speed": "medium",
                  "pass": true,
                  "fail": false,
                  "pending": false,
                  "context": null,
                  "code": "olx.getCookiesButtonOlx().click().should('not.be.visible');",
                  "err": {},
                  "uuid": "f44f7cdf-c0c9-4e10-afb7-5b29c56ecc97",
                  "parentUUID": "88af788c-996c-4249-afbb-78eeefeffee6",
                  "isHook": false,
                  "skipped": false
                },
                {
                  "title": "Dodanie inputu, szukanie frazy i asercja + SELECT",
                  "fullTitle": "Przejście do olx i wyszukanie frazy + SELECT Test 5 Dodanie inputu, szukanie frazy i asercja + SELECT",
                  "timedOut": null,
                  "duration": 18305,
                  "state": "passed",
                  "speed": "slow",
                  "pass": true,
                  "fail": false,
                  "pending": false,
                  "context": null,
                  "code": "Cypress.on('uncaught:exception', (err, runnable) => {\n  return false;\n});\ncy.get('[data-cy=\"homepage_input_textsearch\"]').type('rower');\ncy.get('#autosuggest-div > ul > li:nth-child(1) > a > span.c000').eq(0).click();\ncy.url().should(\"contain\", 'rower');",
                  "err": {},
                  "uuid": "4253d6d4-de3d-4c66-8fd8-e8030cd8f431",
                  "parentUUID": "88af788c-996c-4249-afbb-78eeefeffee6",
                  "isHook": false,
                  "skipped": false
                }
              ],
              "suites": [],
              "passes": [
                "351155e8-a359-488f-8c13-7f0e1c6f4fe1",
                "f44f7cdf-c0c9-4e10-afb7-5b29c56ecc97",
                "4253d6d4-de3d-4c66-8fd8-e8030cd8f431"
              ],
              "failures": [],
              "pending": [],
              "skipped": [],
              "duration": 42414,
              "root": false,
              "rootEmpty": false,
              "_timeout": 2000
            }
          ],
          "passes": [],
          "failures": [],
          "pending": [],
          "skipped": [],
          "duration": 0,
          "root": false,
          "rootEmpty": false,
          "_timeout": 2000
        }
      ],
      "passes": [],
      "failures": [],
      "pending": [],
      "skipped": [],
      "duration": 0,
      "root": true,
      "rootEmpty": true,
      "_timeout": 2000
    }
  ],
  "meta": {
    "mocha": {
      "version": "7.0.1"
    },
    "mochawesome": {
      "options": {
        "quiet": false,
        "reportFilename": "[status]_[datetime]-[name]-report",
        "saveHtml": true,
        "saveJson": true,
        "consoleReporter": "spec",
        "useInlineDiffs": false,
        "code": true
      },
      "version": "7.1.3"
    },
    "marge": {
      "options": {
        "reportFilename": "[status]_[datetime]-[name]-report",
        "timestamp": "isoDateTime",
        "overwrite": false,
        "html": true,
        "json": true
      },
      "version": "6.2.0"
    }
  }
}